0 info it worked if it ends with ok
1 verbose cli [ 'C:\\Program Files\\nodejs\\\\node.exe',
1 verbose cli   'C:\\Program Files\\nodejs\\node_modules\\npm\\bin\\npm-cli.js',
1 verbose cli   'publish' ]
2 info using npm@1.4.28
3 info using node@v0.10.33
4 verbose node symlink C:\Program Files\nodejs\\node.exe
5 verbose publish [ '.' ]
6 verbose cache add [ '.', null ]
7 verbose cache add name=undefined spec="." args=[".",null]
8 verbose parsed url { protocol: null,
8 verbose parsed url   slashes: null,
8 verbose parsed url   auth: null,
8 verbose parsed url   host: null,
8 verbose parsed url   port: null,
8 verbose parsed url   hostname: null,
8 verbose parsed url   hash: null,
8 verbose parsed url   search: null,
8 verbose parsed url   query: null,
8 verbose parsed url   pathname: '.',
8 verbose parsed url   path: '.',
8 verbose parsed url   href: '.' }
9 silly lockFile 3a52ce78- .
10 verbose lock . C:\Users\nikola\AppData\Roaming\npm-cache\3a52ce78-.lock
11 verbose tar pack [ 'C:\\Users\\nikola\\AppData\\Roaming\\npm-cache\\learnnode_e1\\0.0.1\\package.tgz',
11 verbose tar pack   '.' ]
12 verbose tarball C:\Users\nikola\AppData\Roaming\npm-cache\learnnode_e1\0.0.1\package.tgz
13 verbose folder .
14 info prepublish learnnode_e1@0.0.1
15 silly lockFile 1f1177db-tar tar://.
16 verbose lock tar://. C:\Users\nikola\AppData\Roaming\npm-cache\1f1177db-tar.lock
17 silly lockFile 18dfb703-e-learnnode-e1-0-0-1-package-tgz tar://C:\Users\nikola\AppData\Roaming\npm-cache\learnnode_e1\0.0.1\package.tgz
18 verbose lock tar://C:\Users\nikola\AppData\Roaming\npm-cache\learnnode_e1\0.0.1\package.tgz C:\Users\nikola\AppData\Roaming\npm-cache\18dfb703-e-learnnode-e1-0-0-1-package-tgz.lock
19 silly lockFile 1f1177db-tar tar://.
20 silly lockFile 1f1177db-tar tar://.
21 silly lockFile 18dfb703-e-learnnode-e1-0-0-1-package-tgz tar://C:\Users\nikola\AppData\Roaming\npm-cache\learnnode_e1\0.0.1\package.tgz
22 silly lockFile 18dfb703-e-learnnode-e1-0-0-1-package-tgz tar://C:\Users\nikola\AppData\Roaming\npm-cache\learnnode_e1\0.0.1\package.tgz
23 silly lockFile 5e2f00a5-cache-learnnode-e1-0-0-1-package C:\Users\nikola\AppData\Roaming\npm-cache\learnnode_e1\0.0.1\package
24 verbose lock C:\Users\nikola\AppData\Roaming\npm-cache\learnnode_e1\0.0.1\package C:\Users\nikola\AppData\Roaming\npm-cache\5e2f00a5-cache-learnnode-e1-0-0-1-package.lock
25 silly lockFile 5e2f00a5-cache-learnnode-e1-0-0-1-package C:\Users\nikola\AppData\Roaming\npm-cache\learnnode_e1\0.0.1\package
26 silly lockFile 5e2f00a5-cache-learnnode-e1-0-0-1-package C:\Users\nikola\AppData\Roaming\npm-cache\learnnode_e1\0.0.1\package
27 silly lockFile 3a52ce78- .
28 silly lockFile 3a52ce78- .
29 silly publish { name: 'learnnode_e1',
29 silly publish   version: '0.0.1',
29 silly publish   description: 'My node samples episode 1',
29 silly publish   main: 'app.js',
29 silly publish   author: { name: 'Nikola' },
29 silly publish   license: 'ISC',
29 silly publish   dependencies: { colors: '^1.0.3', 'json-stringify-safe': '^5.0.0' },
29 silly publish   readme: 'Just playing around node npm package management\n',
29 silly publish   readmeFilename: 'README.md',
29 silly publish   _id: 'learnnode_e1@0.0.1',
29 silly publish   scripts: {},
29 silly publish   _shasum: '352031f923365850b35f52684015afad11a5ef65',
29 silly publish   _from: '.' }
30 verbose request where is /learnnode_e1
31 verbose request registry https://registry.npmjs.org/
32 verbose request id ce8c793eaa77c3c1
33 verbose url raw /learnnode_e1
34 verbose url resolving [ 'https://registry.npmjs.org/', './learnnode_e1' ]
35 verbose url resolved https://registry.npmjs.org/learnnode_e1
36 verbose request where is https://registry.npmjs.org/learnnode_e1
37 info trying registry request attempt 1 at 18:17:12
38 http PUT https://registry.npmjs.org/learnnode_e1
39 http 403 https://registry.npmjs.org/learnnode_e1
40 verbose headers { date: 'Sat, 03 Jan 2015 17:17:16 GMT',
40 verbose headers   server: 'CouchDB/1.5.0 (Erlang OTP/R16B03)',
40 verbose headers   'content-type': 'application/json',
40 verbose headers   'cache-control': 'max-age=60',
40 verbose headers   'content-length': '1554',
40 verbose headers   'accept-ranges': 'bytes',
40 verbose headers   via: '1.1 varnish',
40 verbose headers   'x-served-by': 'cache-fra1238-FRA',
40 verbose headers   'x-cache': 'MISS',
40 verbose headers   'x-cache-hits': '0',
40 verbose headers   'x-timer': 'S1420305435.594363,VS0,VE683',
40 verbose headers   'keep-alive': 'timeout=10, max=50',
40 verbose headers   connection: 'Keep-Alive' }
41 error publish Failed PUT 403
42 error Error: forbidden cannot modify pre-existing version: 0.0.1
42 error old={"name":"learnnode_e1","version":"0.0.1","description":"My node samples episode 1","main":"app.js","author":{"name":"Nikola"},"license":"ISC","dependencies":{"colors":"^1.0.3","json-stringify-safe":"^5.0.0"},"_id":"learnnode_e1@0.0.1","scripts":{},"_shasum":"cd4034990f68fe72a568ce196e78348aaef50f8c","_from":".","_npmVersion":"1.4.28","_npmUser":{"name":"nstjelja","email":"nstjelja@gmail.com"},"maintainers":[{"name":"nstjelja","email":"nstjelja@gmail.com"}],"dist":{"shasum":"cd4034990f68fe72a568ce196e78348aaef50f8c","tarball":"http://registry.npmjs.org/learnnode_e1/-/learnnode_e1-0.0.1.tgz"}}
42 error new={"name":"learnnode_e1","version":"0.0.1","description":"My node samples episode 1","main":"app.js","author":{"name":"Nikola"},"license":"ISC","dependencies":{"colors":"^1.0.3","json-stringify-safe":"^5.0.0"},"readme":"Just playing around node npm package management\u000a","readmeFilename":"README.md","_id":"learnnode_e1@0.0.1","scripts":{},"_shasum":"352031f923365850b35f52684015afad11a5ef65","_from":".","_npmVersion":"1.4.28","_npmUser":{"name":"nstjelja","email":"nstjelja@gmail.com"},"maintainers":[{"name":"nstjelja","email":"nstjelja@gmail.com"}],"dist":{"shasum":"352031f923365850b35f52684015afad11a5ef65","tarball":"http://registry.npmjs.org/learnnode_e1/-/learnnode_e1-0.0.1.tgz"}}: learnnode_e1
42 error     at RegClient.<anonymous> (C:\Program Files\nodejs\node_modules\npm\node_modules\npm-registry-client\lib\request.js:308:14)
42 error     at Request._callback (C:\Program Files\nodejs\node_modules\npm\node_modules\npm-registry-client\lib\request.js:246:65)
42 error     at Request.self.callback (C:\Program Files\nodejs\node_modules\npm\node_modules\request\request.js:236:22)
42 error     at Request.emit (events.js:98:17)
42 error     at Request.<anonymous> (C:\Program Files\nodejs\node_modules\npm\node_modules\request\request.js:1142:14)
42 error     at Request.emit (events.js:117:20)
42 error     at IncomingMessage.<anonymous> (C:\Program Files\nodejs\node_modules\npm\node_modules\request\request.js:1096:12)
42 error     at IncomingMessage.emit (events.js:117:20)
42 error     at _stream_readable.js:943:16
42 error     at process._tickCallback (node.js:419:13)
43 error If you need help, you may report this *entire* log,
43 error including the npm and node versions, at:
43 error     <http://github.com/npm/npm/issues>
44 error System Windows_NT 6.1.7601
45 error command "C:\\Program Files\\nodejs\\\\node.exe" "C:\\Program Files\\nodejs\\node_modules\\npm\\bin\\npm-cli.js" "publish"
46 error cwd C:\Users\nikola\Documents\Visual Studio 2012\Projects\LearnNodeJS\learn_node_1
47 error node -v v0.10.33
48 error npm -v 1.4.28
49 verbose exit [ 1, true ]
